0 info it worked if it ends with ok
1 verbose cli [
1 verbose cli   '/usr/share/atom/resources/app/apm/bin/node',
1 verbose cli   '/usr/share/atom/resources/app/apm/node_modules/npm/bin/npm-cli.js',
1 verbose cli   '--globalconfig',
1 verbose cli   '/home/jockill/.atom/.apm/.apmrc',
1 verbose cli   '--userconfig',
1 verbose cli   '/home/jockill/.atom/.apmrc',
1 verbose cli   'install',
1 verbose cli   'https://www.atom.io/api/packages/colorguide/versions/0.2.0/tarball',
1 verbose cli   '--target=6.1.12',
1 verbose cli   '--disturl=https://atom.io/download/electron',
1 verbose cli   '--arch=x64',
1 verbose cli   '--global-style'
1 verbose cli ]
2 info using npm@6.14.8
3 info using node@v12.4.0
4 verbose npm-session a47797d78856053d
5 silly install loadCurrentTree
6 silly install readLocalPackageData
7 http fetch GET 200 https://codeload.github.com/morbius1st/colorguide/legacy.tar.gz/refs/tags/v0.2.0 1403ms
8 silly pacote remote manifest for undefined@https://www.atom.io/api/packages/colorguide/versions/0.2.0/tarball fetched in 1421ms
9 timing stage:loadCurrentTree Completed in 1449ms
10 silly install loadIdealTree
11 silly install cloneCurrentTreeToIdealTree
12 timing stage:loadIdealTree:cloneCurrentTree Completed in 0ms
13 silly install loadShrinkwrap
14 timing stage:loadIdealTree:loadShrinkwrap Completed in 1ms
15 silly install loadAllDepsIntoIdealTree
16 silly resolveWithNewModule colorguide@0.2.0 checking installable status
17 http fetch GET 200 https://registry.npmjs.org/path 577ms
18 http fetch GET 200 https://registry.npmjs.org/jquery 586ms
19 http fetch GET 304 https://registry.npmjs.org/atom-space-pen-views 608ms (from cache)
20 http fetch GET 304 https://registry.npmjs.org/underscore-plus 608ms (from cache)
21 http fetch GET 304 https://registry.npmjs.org/fs-plus 608ms (from cache)
22 silly pacote range manifest for atom-space-pen-views@^2.0.0 fetched in 617ms
23 silly resolveWithNewModule atom-space-pen-views@2.2.0 checking installable status
24 http fetch GET 200 https://registry.npmjs.org/mathjs 611ms
25 silly pacote range manifest for underscore-plus@^1.0.0 fetched in 631ms
26 silly resolveWithNewModule underscore-plus@1.7.0 checking installable status
27 silly pacote range manifest for fs-plus@^2.8.2 fetched in 633ms
28 silly resolveWithNewModule fs-plus@2.10.1 checking installable status
29 http fetch GET 200 https://registry.npmjs.org/path/-/path-0.12.7.tgz 61ms
30 silly pacote range manifest for path@^0.12.7 fetched in 664ms
31 silly resolveWithNewModule path@0.12.7 checking installable status
32 http fetch GET 200 https://registry.npmjs.org/jquery/-/jquery-2.2.4.tgz 178ms
33 silly pacote range manifest for jquery@^2.1.4 fetched in 909ms
34 silly resolveWithNewModule jquery@2.2.4 checking installable status
35 http fetch GET 200 https://registry.npmjs.org/mathjs/-/mathjs-1.7.1.tgz 287ms
36 silly pacote range manifest for mathjs@^1.5.0 fetched in 912ms
37 silly resolveWithNewModule mathjs@1.7.1 checking installable status
38 http fetch GET 200 https://registry.npmjs.org/tool-bar 1424ms
39 silly fetchPackageMetaData error for tool-bar@^1.0.0 No valid versions available for tool-bar
40 timing stage:rollbackFailedOptional Completed in 2ms
41 timing stage:runTopLevelLifecycles Completed in 2915ms
42 silly saveTree apm-install-dir-2021821-3473-hvqx43.nktz
42 silly saveTree └─┬ colorguide@0.2.0
42 silly saveTree   ├── atom-space-pen-views@2.2.0
42 silly saveTree   ├─┬ fs-plus@2.10.1
42 silly saveTree   │ └── underscore-plus@1.7.0
42 silly saveTree   ├── jquery@2.2.4
42 silly saveTree   ├── mathjs@1.7.1
42 silly saveTree   ├── path@0.12.7
42 silly saveTree   └── underscore-plus@1.7.0
43 verbose type range
44 verbose stack tool-bar: No valid versions available for tool-bar
44 verbose stack     at pickManifest (/usr/share/atom/resources/app/apm/node_modules/npm/node_modules/npm-pick-manifest/index.js:39:11)
44 verbose stack     at /usr/share/atom/resources/app/apm/node_modules/npm/node_modules/pacote/lib/fetchers/registry/manifest.js:24:14
44 verbose stack     at tryCatcher (/usr/share/atom/resources/app/apm/node_modules/npm/node_modules/bluebird/js/release/util.js:16:23)
44 verbose stack     at Promise._settlePromiseFromHandler (/usr/share/atom/resources/app/apm/node_modules/npm/node_modules/bluebird/js/release/promise.js:517:31)
44 verbose stack     at Promise._settlePromise (/usr/share/atom/resources/app/apm/node_modules/npm/node_modules/bluebird/js/release/promise.js:574:18)
44 verbose stack     at Promise._settlePromise0 (/usr/share/atom/resources/app/apm/node_modules/npm/node_modules/bluebird/js/release/promise.js:619:10)
44 verbose stack     at Promise._settlePromises (/usr/share/atom/resources/app/apm/node_modules/npm/node_modules/bluebird/js/release/promise.js:699:18)
44 verbose stack     at _drainQueueStep (/usr/share/atom/resources/app/apm/node_modules/npm/node_modules/bluebird/js/release/async.js:138:12)
44 verbose stack     at _drainQueue (/usr/share/atom/resources/app/apm/node_modules/npm/node_modules/bluebird/js/release/async.js:131:9)
44 verbose stack     at Async._drainQueues (/usr/share/atom/resources/app/apm/node_modules/npm/node_modules/bluebird/js/release/async.js:147:5)
44 verbose stack     at Immediate.Async.drainQueues [as _onImmediate] (/usr/share/atom/resources/app/apm/node_modules/npm/node_modules/bluebird/js/release/async.js:17:14)
44 verbose stack     at processImmediate (internal/timers.js:439:21)
45 verbose cwd /tmp/apm-install-dir-2021821-3473-hvqx43.nktz
46 verbose Linux 5.8.0-63-generic
47 verbose argv "/usr/share/atom/resources/app/apm/bin/node" "/usr/share/atom/resources/app/apm/node_modules/npm/bin/npm-cli.js" "--globalconfig" "/home/jockill/.atom/.apm/.apmrc" "--userconfig" "/home/jockill/.atom/.apmrc" "install" "https://www.atom.io/api/packages/colorguide/versions/0.2.0/tarball" "--target=6.1.12" "--disturl=https://atom.io/download/electron" "--arch=x64" "--global-style"
48 verbose node v12.4.0
49 verbose npm  v6.14.8
50 error code ENOVERSIONS
51 error No valid versions available for tool-bar
52 verbose exit [ 1, true ]
